<?xml version="1.0" encoding="UTF-8"?>
<!-- Generated by org.testng.reporters.JUnitReportReporter -->
<testsuite hostname="add147542cdd" failures="0" tests="20" name="com.maaxii.tests.flightreservation.FlightReservationTests" time="45.564" errors="0" timestamp="2024-02-14T00:32:58 GMT" skipped="0">
  <testcase classname="com.maaxii.tests.flightreservation.FlightReservationTests" name="userRegistrationTest" time="3.614"/>
  <testcase classname="com.maaxii.tests.flightreservation.FlightReservationTests" name="registrationConfirmationTest" time="2.044"/>
  <testcase classname="com.maaxii.tests.flightreservation.FlightReservationTests" name="flightReservationConfirmationTests" time="1.262"/>
  <testcase classname="com.maaxii.tests.flightreservation.FlightReservationTests" name="userRegistrationTest" time="3.528"/>
  <testcase classname="com.maaxii.tests.flightreservation.FlightReservationTests" name="registrationConfirmationTest" time="1.390"/>
  <testcase classname="com.maaxii.tests.flightreservation.FlightReservationTests" name="registrationConfirmationTest" time="2.054"/>
  <testcase classname="com.maaxii.tests.flightreservation.FlightReservationTests" name="flightReservationConfirmationTests" time="1.823"/>
  <testcase classname="com.maaxii.tests.flightreservation.FlightReservationTests" name="flightSelectionTest" time="3.167"/>
  <testcase classname="com.maaxii.tests.flightreservation.FlightReservationTests" name="flightSearchTest" time="2.692"/>
  <testcase classname="com.maaxii.tests.flightreservation.FlightReservationTests" name="flightSelectionTest" time="2.620"/>
  <testcase classname="com.maaxii.tests.flightreservation.FlightReservationTests" name="flightReservationConfirmationTests" time="1.854"/>
  <testcase classname="com.maaxii.tests.flightreservation.FlightReservationTests" name="flightSearchTest" time="1.552"/>
  <testcase classname="com.maaxii.tests.flightreservation.FlightReservationTests" name="flightSelectionTest" time="2.090"/>
  <testcase classname="com.maaxii.tests.flightreservation.FlightReservationTests" name="flightSelectionTest" time="0.983"/>
  <testcase classname="com.maaxii.tests.flightreservation.FlightReservationTests" name="registrationConfirmationTest" time="2.050"/>
  <testcase classname="com.maaxii.tests.flightreservation.FlightReservationTests" name="flightSearchTest" time="1.671"/>
  <testcase classname="com.maaxii.tests.flightreservation.FlightReservationTests" name="userRegistrationTest" time="3.492"/>
  <testcase classname="com.maaxii.tests.flightreservation.FlightReservationTests" name="flightReservationConfirmationTests" time="2.386"/>
  <testcase classname="com.maaxii.tests.flightreservation.FlightReservationTests" name="flightSearchTest" time="1.673"/>
  <testcase classname="com.maaxii.tests.flightreservation.FlightReservationTests" name="userRegistrationTest" time="3.619"/>
</testsuite> <!-- com.maaxii.tests.flightreservation.FlightReservationTests -->
